<?xml version="1.0" encoding="UTF-8"?>
<Site BuildName="(empty)"
	BuildStamp="20231008-1156-Experimental"
	Name="filip-ThinkPad-T480"
	Generator="ctest-3.16.3"
	CompilerName="/usr/bin/g++"
	CompilerVersion="9.4.0"
	OSName="Linux"
	Hostname="filip-ThinkPad-T480"
	OSRelease="5.15.0-84-generic"
	OSVersion="#93~20.04.1-Ubuntu SMP Wed Sep 6 16:15:40 UTC 2023"
	OSPlatform="x86_64"
	Is64Bits="1"
	VendorString="GenuineIntel"
	VendorID="Intel Corporation"
	FamilyID="6"
	ModelID="142"
	ProcessorCacheSize="3072"
	NumberOfLogicalCPU="4"
	NumberOfPhysicalCPU="2"
	TotalVirtualMemory="2047"
	TotalPhysicalMemory="15864"
	LogicalProcessorsPerPhysical="2"
	ProcessorClockFrequency="3292.32"
	>
	<Testing>
		<StartDateTime>Oct 08 19:39 CEST</StartDateTime>
		<StartTestTime>1696786769</StartTestTime>
		<TestList/>
		<EndDateTime>Oct 08 19:39 CEST</EndDateTime>
		<EndTestTime>1696786769</EndTestTime>
		<ElapsedMinutes>0</ElapsedMinutes>
	</Testing>
</Site>
